<?xml version="1.0" encoding="UTF-8" ?>
<testsuite tests="5" failures="0" name="TestSuite" time="15.74" errors="0" skipped="0">
  <properties>
    <property name="JOB_NAME" value="OverloopAutomationTest"/>
    <property name="java.vendor" value="Oracle Corporation"/>
    <property name="sun.java.launcher" value="SUN_STANDARD"/>
    <property name="RUN_TESTS_DISPLAY_URL" value="http://localhost:8081/job/OverloopAutomationTest/1/display/redirect?page=tests"/>
    <property name="NUMBER_OF_PROCESSORS" value="4"/>
    <property name="sun.management.compiler" value="HotSpot 64-Bit Tiered Compilers"/>
    <property name="JENKINS_HOME" value="C:\Users\saobi\.jenkins"/>
    <property name="HUDSON_SERVER_COOKIE" value="63cefb83dceeebf2"/>
    <property name="os.name" value="Windows 10"/>
    <property name="EXECUTOR_NUMBER" value="1"/>
    <property name="PATHEXT" value=".COM;.EXE;.BAT;.CMD;.VBS;.VBE;.JS;.JSE;.WSF;.WSH;.MSC;.CPL"/>
    <property name="java.vm.specification.vendor" value="Oracle Corporation"/>
    <property name="TEMP" value="C:\Users\saobi\AppData\Local\Temp"/>
    <property name="NODE_LABELS" value="master"/>
    <property name="java.runtime.version" value="15.0.2+7-27"/>
    <property name="IntelliJ IDEA Community Edition" value="C:\Program Files\JetBrains\IntelliJ IDEA Community Edition 2021.2\bin;"/>
    <property name="user.name" value="saobi"/>
    <property name="guice.disable.misplaced.annotation.check" value="true"/>
    <property name="CommonProgramW6432" value="C:\Program Files\Common Files"/>
    <property name="ProgramFiles" value="C:\Program Files"/>
    <property name="user.language" value="en"/>
    <property name="M2" value="C:\Program Files\Apache\apache-maven-3.8.1\bin"/>
    <property name="JOB_BASE_NAME" value="OverloopAutomationTest"/>
    <property name="RUN_CHANGES_DISPLAY_URL" value="http://localhost:8081/job/OverloopAutomationTest/1/display/redirect?page=changes"/>
    <property name="BUILD_DISPLAY_NAME" value="#1"/>
    <property name="OneDrive" value="C:\Users\saobi\OneDrive"/>
    <property name="sun.boot.library.path" value="C:\Program Files\Java\jdk-15.0.2\bin"/>
    <property name="java.vm.compressedOopsMode" value="32-bit"/>
    <property name="LOCALAPPDATA" value="C:\Users\saobi\AppData\Local"/>
    <property name="java.version" value="15.0.2"/>
    <property name="user.timezone" value="Asia/Dhaka"/>
    <property name="PROCESSOR_LEVEL" value="6"/>
    <property name="USERNAME" value="saobi"/>
    <property name="sun.arch.data.model" value="64"/>
    <property name="NODE_NAME" value="master"/>
    <property name="OneDriveConsumer" value="C:\Users\saobi\OneDrive"/>
    <property name="BUILD_ID" value="1"/>
    <property name="sun.cpu.isalist" value="amd64"/>
    <property name="sun.jnu.encoding" value="Cp1252"/>
    <property name="maven.conf" value="C:\Program Files\Apache\apache-maven-3.8.1\conf"/>
    <property name="file.separator" value="\"/>
    <property name="java.specification.name" value="Java Platform API Specification"/>
    <property name="HOMEDRIVE" value="C:"/>
    <property name="java.class.version" value="59.0"/>
    <property name="=::" value="::\"/>
    <property name="org.slf4j.simpleLogger.defaultLogLevel" value="info"/>
    <property name="user.country" value="US"/>
    <property name="ALLUSERSPROFILE" value="C:\ProgramData"/>
    <property name="java.home" value="C:\Program Files\Java\jdk-15.0.2"/>
    <property name="java.vm.info" value="mixed mode, sharing"/>
    <property name="os.version" value="10.0"/>
    <property name="RUN_DISPLAY_URL" value="http://localhost:8081/job/OverloopAutomationTest/1/display/redirect"/>
    <property name="TMP" value="C:\Users\saobi\AppData\Local\Temp"/>
    <property name="path.separator" value=";"/>
    <property name="RUN_ARTIFACTS_DISPLAY_URL" value="http://localhost:8081/job/OverloopAutomationTest/1/display/redirect?page=artifacts"/>
    <property name="java.vm.version" value="15.0.2+7-27"/>
    <property name="user.variant" value=""/>
    <property name="CommonProgramFiles(x86)" value="C:\Program Files (x86)\Common Files"/>
    <property name="JOB_DISPLAY_URL" value="http://localhost:8081/job/OverloopAutomationTest/display/redirect"/>
    <property name="USERDOMAIN_ROAMINGPROFILE" value="DESKTOP-3VFB68K"/>
    <property name="CommonProgramFiles" value="C:\Program Files\Common Files"/>
    <property name="JAVA_HOME" value="C:\Program Files\Java\jdk-15.0.2"/>
    <property name="sun.io.unicode.encoding" value="UnicodeLittle"/>
    <property name="ComSpec" value="C:\Windows\system32\cmd.exe"/>
    <property name="HOMEPATH" value="\Users\saobi"/>
    <property name="COMPUTERNAME" value="DESKTOP-3VFB68K"/>
    <property name="user.script" value=""/>
    <property name="VBOX_MSI_INSTALL_PATH" value="C:\Program Files\Oracle\VirtualBox\"/>
    <property name="user.home" value="C:\Users\saobi"/>
    <property name="PUBLIC" value="C:\Users\Public"/>
    <property name="BUILD_TAG" value="jenkins-OverloopAutomationTest-1"/>
    <property name="JENKINS_SERVER_COOKIE" value="63cefb83dceeebf2"/>
    <property name="HUDSON_URL" value="http://localhost:8081/"/>
    <property name="ProgramData" value="C:\ProgramData"/>
    <property name="java.version.date" value="2021-01-19"/>
    <property name="java.specification.vendor" value="Oracle Corporation"/>
    <property name="USERPROFILE" value="C:\Users\saobi"/>
    <property name="CLASSPATH" value=""/>
    <property name="java.library.path" value="C:\Program Files\Java\jdk-15.0.2\bin;C:\Windows\Sun\Java\bin;C:\Windows\system32;C:\Windows;C:\Program Files\Apache\apache-maven-3.8.1/bin;C:\Program Files\Java\jdk-15.0.2/bin;C:\Program Files\Java\jdk-15.0.2/bin;C:\Program Files\Common Files\Oracle\Java\javapath;C:\Windows\system32;C:\Windows;C:\Windows\System32\Wbem;C:\Windows\System32\WindowsPowerShell\v1.0\;C:\Windows\System32\OpenSSH\;C:\Program Files (x86)\ATI Technologies\ATI.ACE\Core-Static;C:\Program Files\Java\jdk-15.0.2\bin;M:\QA Automation\Selenium Files;C:\Program Files\Apache\apache-maven-3.8.1;C:\Program Files\Apache\apache-maven-3.8.1\bin;C:\Program Files\Git\cmd;C:\Users\saobi\AppData\Local\Programs\Python\Python39\Scripts\;C:\Users\saobi\AppData\Local\Programs\Python\Python39\;C:\Users\saobi\AppData\Local\Microsoft\WindowsApps;;C:\Program Files\JetBrains\IntelliJ IDEA Community Edition 2021.2\bin;;C:\Users\saobi\AppData\Local\Programs\Microsoft VS Code\bin;."/>
    <property name="java.vendor.url" value="https://java.oracle.com/"/>
    <property name="java.vm.vendor" value="Oracle Corporation"/>
    <property name="APPDATA" value="C:\Users\saobi\AppData\Roaming"/>
    <property name="java.runtime.name" value="Java(TM) SE Runtime Environment"/>
    <property name="maven.home" value="C:\Program Files\Apache\apache-maven-3.8.1"/>
    <property name="java.class.path" value="C:\Users\saobi\.jenkins\plugins\maven-plugin\WEB-INF\lib\maven35-agent-1.13.jar;C:\Program Files\Apache\apache-maven-3.8.1\boot\plexus-classworlds-2.6.0.jar;C:\Program Files\Apache\apache-maven-3.8.1/conf/logging"/>
    <property name="sun.java.command" value="jenkins.maven3.agent.Maven35Main C:\Program Files\Apache\apache-maven-3.8.1 C:\Users\saobi\.jenkins\war\WEB-INF\lib\remoting-4.7.jar C:\Users\saobi\.jenkins\plugins\maven-plugin\WEB-INF\lib\maven35-interceptor-1.13.jar C:\Users\saobi\.jenkins\plugins\maven-plugin\WEB-INF\lib\maven3-interceptor-commons-1.13.jar 8920"/>
    <property name="Path" value="C:\Program Files\Java\jdk-15.0.2/bin;C:\Program Files\Common Files\Oracle\Java\javapath;C:\Windows\system32;C:\Windows;C:\Windows\System32\Wbem;C:\Windows\System32\WindowsPowerShell\v1.0\;C:\Windows\System32\OpenSSH\;C:\Program Files (x86)\ATI Technologies\ATI.ACE\Core-Static;C:\Program Files\Java\jdk-15.0.2\bin;M:\QA Automation\Selenium Files;C:\Program Files\Apache\apache-maven-3.8.1;C:\Program Files\Apache\apache-maven-3.8.1\bin;C:\Program Files\Git\cmd;C:\Users\saobi\AppData\Local\Programs\Python\Python39\Scripts\;C:\Users\saobi\AppData\Local\Programs\Python\Python39\;C:\Users\saobi\AppData\Local\Microsoft\WindowsApps;;C:\Program Files\JetBrains\IntelliJ IDEA Community Edition 2021.2\bin;;C:\Users\saobi\AppData\Local\Programs\Microsoft VS Code\bin"/>
    <property name="jdk.debug" value="release"/>
    <property name="PROCESSOR_ARCHITECTURE" value="AMD64"/>
    <property name="java.vm.specification.name" value="Java Virtual Machine Specification"/>
    <property name="PATH+JDK" value="C:\Program Files\Java\jdk-15.0.2/bin"/>
    <property name="SESSIONNAME" value="Console"/>
    <property name="PROCESSOR_IDENTIFIER" value="Intel64 Family 6 Model 94 Stepping 3, GenuineIntel"/>
    <property name="java.vm.specification.version" value="15"/>
    <property name="M2_HOME" value="C:\Program Files\Apache\apache-maven-3.8.1"/>
    <property name="sun.cpu.endian" value="little"/>
    <property name="sun.os.patch.level" value=""/>
    <property name="OS" value="Windows_NT"/>
    <property name="CI" value="true"/>
    <property name="java.io.tmpdir" value="C:\Users\saobi\AppData\Local\Temp\"/>
    <property name="HUDSON_HOME" value="C:\Users\saobi\.jenkins"/>
    <property name="PATH+MAVEN" value="C:\Program Files\Apache\apache-maven-3.8.1/bin"/>
    <property name="ProgramFiles(x86)" value="C:\Program Files (x86)"/>
    <property name="java.vendor.url.bug" value="https://bugreport.java.com/bugreport/"/>
    <property name="BUILD_URL" value="http://localhost:8081/job/OverloopAutomationTest/1/"/>
    <property name="MAVEN_OPTS" value="-Xms256m -Xmx512m"/>
    <property name="SystemRoot" value="C:\Windows"/>
    <property name="os.arch" value="amd64"/>
    <property name="COLUMNS" value="120"/>
    <property name="user.dir" value="C:\Users\saobi\IdeaProjects\com.project_expedia"/>
    <property name="JOB_URL" value="http://localhost:8081/job/OverloopAutomationTest/"/>
    <property name="LOGONSERVER" value="\\DESKTOP-3VFB68K"/>
    <property name="USERDOMAIN" value="DESKTOP-3VFB68K"/>
    <property name="MAVEN_HOME" value="C:\Program Files\Apache\apache-maven-3.8.1"/>
    <property name="line.separator" value="
"/>
    <property name="java.vm.name" value="Java HotSpot(TM) 64-Bit Server VM"/>
    <property name="BUILD_NUMBER" value="1"/>
    <property name="PROCESSOR_REVISION" value="5e03"/>
    <property name="JENKINS_URL" value="http://localhost:8081/"/>
    <property name="ProgramW6432" value="C:\Program Files"/>
    <property name="windir" value="C:\Windows"/>
    <property name="file.encoding" value="Cp1252"/>
    <property name="SystemDrive" value="C:"/>
    <property name="maven3.interceptor" value="C:\Users\saobi\.jenkins\plugins\maven-plugin\WEB-INF\lib\maven35-interceptor-1.13.jar"/>
    <property name="WORKSPACE_TMP" value="C:\Users\saobi\.jenkins\workspace\OverloopAutomationTest@tmp"/>
    <property name="WORKSPACE" value="C:\Users\saobi\.jenkins\workspace\OverloopAutomationTest"/>
    <property name="maven3.interceptor.common" value="C:\Users\saobi\.jenkins\plugins\maven-plugin\WEB-INF\lib\maven3-interceptor-commons-1.13.jar"/>
    <property name="PSModulePath" value="C:\Users\saobi\OneDrive\Documents\WindowsPowerShell\Modules;C:\Program Files\WindowsPowerShell\Modules;C:\Windows\system32\WindowsPowerShell\v1.0\Modules"/>
    <property name="java.specification.version" value="15"/>
    <property name="DriverData" value="C:\Windows\System32\Drivers\DriverData"/>
  </properties>
  <testcase classname="com.overloop.qa.testcases.HomePageTest" name="testCase" time="5.954"/>
  <testcase classname="com.overloop.qa.testcases.LandingPageTest" name="workingWithDropdown" time="0.87"/>
  <testcase classname="com.overloop.qa.testcases.LandingPageTest" name="navigatingPricePage" time="2.836"/>
  <testcase classname="com.overloop.qa.testcases.LandingPageTest" name="navigatingLoginPage" time="5.359"/>
  <testcase classname="com.overloop.qa.testcases.LoginPageTest" name="test1" time="0.721"/>
</testsuite>