<?xml version="1.0" encoding="UTF-8"?>
<!-- Generated by org.testng.reporters.JUnitReportReporter -->
<testsuite hostname="DESKTOP-3VFB68K" failures="0" tests="1" name="com.overloop.qa.testcases.LoginPageTest" time="16.701" errors="0" timestamp="2021-12-09T00:56:50 BDT" skipped="0">
  <testcase classname="com.overloop.qa.testcases.LoginPageTest" name="test1" time="16.701"/>
  <system-out/>
</testsuite> <!-- com.overloop.qa.testcases.LoginPageTest -->
