<?xml version="1.0" encoding="UTF-8"?>
<!-- Generated by org.testng.reporters.JUnitReportReporter -->
<testsuite hostname="DESKTOP-3VFB68K" failures="0" tests="1" name="com.overloop.qa.testcases.HomePageTest" time="44.231" errors="0" timestamp="2021-12-09T00:56:50 BDT" skipped="0">
  <testcase classname="com.overloop.qa.testcases.HomePageTest" name="testCase" time="44.231"/>
  <system-out/>
</testsuite> <!-- com.overloop.qa.testcases.HomePageTest -->
