<?xml version="1.0" encoding="UTF-8"?>
<!-- Generated by org.testng.reporters.JUnitReportReporter -->
<testsuite hostname="DESKTOP-3VFB68K" failures="0" tests="3" name="com.overloop.qa.testcases.LandingPageTest" time="47.633" errors="0" timestamp="2021-12-09T00:56:50 BDT" skipped="0">
  <testcase classname="com.overloop.qa.testcases.LandingPageTest" name="workingWithDropdown" time="15.676"/>
  <system-out/>
  <testcase classname="com.overloop.qa.testcases.LandingPageTest" name="navigatingPricePage" time="13.179"/>
  <system-out/>
  <testcase classname="com.overloop.qa.testcases.LandingPageTest" name="navigatingLoginPage" time="18.778"/>
  <system-out/>
</testsuite> <!-- com.overloop.qa.testcases.LandingPageTest -->
